<?xml version="1.0" encoding="UTF-8"?>
<!-- Generated by org.testng.reporters.JUnitReportReporter -->
<testsuite skipped="0" hostname="DESKTOP-5BDCR5P" name="gov.uk.check.visa.testsuite.VisaConfirmationTest" tests="3" failures="0" timestamp="2022-12-16T21:55:48 GMT" time="26.347" errors="0">
  <testcase name="anAustralianCominToUKForTourism" time="5.990" classname="gov.uk.check.visa.testsuite.VisaConfirmationTest"/>
  <system-out>
    <![CDATA[Reason for visit :Tourism or visiting family and friends[[ChromeDriver: chrome on WINDOWS (bc5df5d7446bde5fca5765541cf531bc)] -> xpath: //button[contains(text(),'Continue')]]
Click to see screenshot
<a target = "_blank" href=C:\Users\krupa\IdeaProjects\home-office-visa-check/test-output/html/anAustralianCominToUKForTourismFri_Dec_16_21_55_47_GMT_2022.jpg>Screenshot</a>
<br>
<br>
<a target = "_blank" href=C:\Users\krupa\IdeaProjects\home-office-visa-check/test-output/html/anAustralianCominToUKForTourismFri_Dec_16_21_55_47_GMT_2022.jpg><img src=C:\Users\krupa\IdeaProjects\home-office-visa-check/test-output/html/anAustralianCominToUKForTourismFri_Dec_16_21_55_47_GMT_2022.jpg height=200 width=200></img></a>]]>
  </system-out>
  <testcase name="aColumbianNationalComingToTheUKToJoinAPartnerForALongStayTheyDoHaveAnArticle10Or20Card" time="10.420" classname="gov.uk.check.visa.testsuite.VisaConfirmationTest"/>
  <system-out>
    <![CDATA[Reason for visit :Join partner or family for a long stay[[ChromeDriver: chrome on WINDOWS (2573319bf3654092399051d23fee6c64)] -> xpath: //button[contains(text(),'Continue')]]
Click to see screenshot
<a target = "_blank" href=C:\Users\krupa\IdeaProjects\home-office-visa-check/test-output/html/aColumbianNationalComingToTheUKToJoinAPartnerForALongStayTheyDoHaveAnArticle10Or20CardFri_Dec_16_21_55_40_GMT_2022.jpg>Screenshot</a>
<br>
<br>
<a target = "_blank" href=C:\Users\krupa\IdeaProjects\home-office-visa-check/test-output/html/aColumbianNationalComingToTheUKToJoinAPartnerForALongStayTheyDoHaveAnArticle10Or20CardFri_Dec_16_21_55_40_GMT_2022.jpg><img src=C:\Users\krupa\IdeaProjects\home-office-visa-check/test-output/html/aColumbianNationalComingToTheUKToJoinAPartnerForALongStayTheyDoHaveAnArticle10Or20CardFri_Dec_16_21_55_40_GMT_2022.jpg height=200 width=200></img></a>]]>
  </system-out>
  <testcase name="aChileanComingToTheUKForWorkAndPlansOnStayingForLongerThanSixMonths" time="9.937" classname="gov.uk.check.visa.testsuite.VisaConfirmationTest"/>
  <system-out>
    <![CDATA[Reason for visit :Work, academic visit or business[[ChromeDriver: chrome on WINDOWS (aa5c7daa7b9f6498bfe66ca6891c665f)] -> xpath: //button[contains(text(),'Continue')]]
Select job Type :Health and care professional[[ChromeDriver: chrome on WINDOWS (aa5c7daa7b9f6498bfe66ca6891c665f)] -> xpath: //button[contains(text(),'Continue')]]
Click to see screenshot
<a target = "_blank" href=C:\Users\krupa\IdeaProjects\home-office-visa-check/test-output/html/aChileanComingToTheUKForWorkAndPlansOnStayingForLongerThanSixMonthsFri_Dec_16_21_55_31_GMT_2022.jpg>Screenshot</a>
<br>
<br>
<a target = "_blank" href=C:\Users\krupa\IdeaProjects\home-office-visa-check/test-output/html/aChileanComingToTheUKForWorkAndPlansOnStayingForLongerThanSixMonthsFri_Dec_16_21_55_31_GMT_2022.jpg><img src=C:\Users\krupa\IdeaProjects\home-office-visa-check/test-output/html/aChileanComingToTheUKForWorkAndPlansOnStayingForLongerThanSixMonthsFri_Dec_16_21_55_31_GMT_2022.jpg height=200 width=200></img></a>]]>
  </system-out>
</testsuite> <!-- gov.uk.check.visa.testsuite.VisaConfirmationTest -->
